<?xml version="1.0" encoding="UTF-8"?>
<!-- Generated by org.testng.reporters.JUnitReportReporter -->
<testsuite hostname="DESKTOP-IPL039H" failures="0" tests="2" name="TestRunner.GreenKartHomeRunner" time="73.522" errors="0" timestamp="2024-10-06T13:06:07 IST" skipped="0">
  <testcase classname="TestRunner.GreenKartHomeRunner" name="runScenario" time="35.137"/>
  <testcase classname="TestRunner.GreenKartHomeRunner" name="runScenario" time="38.385"/>
</testsuite> <!-- TestRunner.GreenKartHomeRunner -->
