<?xml version="1.0" encoding="UTF-8"?>
<!-- Generated by org.testng.reporters.JUnitReportReporter -->
<testsuite hostname="DESKTOP-IPL039H" failures="0" tests="1" name="TestRunner.GreenKartAddToCartRunner" time="14.567" errors="0" timestamp="2024-10-06T14:11:35 IST" skipped="0">
  <testcase classname="TestRunner.GreenKartAddToCartRunner" name="runScenario" time="14.567"/>
</testsuite> <!-- TestRunner.GreenKartAddToCartRunner -->
