<?xml version="1.0" encoding="UTF-8"?>
<!-- Generated by org.testng.reporters.JUnitReportReporter -->
<testsuite hostname="DESKTOP-IPL039H" failures="0" tests="1" name="TestRunner.firstprogramRunner" time="0.098" errors="0" timestamp="2024-01-06T18:47:39 IST" skipped="0">
  <testcase classname="TestRunner.firstprogramRunner" name="runScenario" time="0.098"/>
</testsuite> <!-- TestRunner.firstprogramRunner -->
